<?xml version="1.0" encoding="UTF-8"?>
<!-- Generated by org.testng.reporters.JUnitXMLReporter -->
<testsuite ignored="0" hostname="DESKTOP-38IVIV3" failures="0" tests="9" name="Test scenario" time="24.524" errors="0" timestamp="2022-04-30T12:10:58 CEST">
  <testcase classname="locaters.DemoRequest_" name="EnterFirstNameLastName" time="0.824"/>
  <testcase classname="locaters.DemoRequest_" name="choos_checkbox" time="0.197"/>
  <testcase classname="locaters.DemoRequest_" name="choose_Radiobutton" time="0.181"/>
  <testcase classname="RegisterBank.RegisterPageBank" name="sofAssertion" time="0.761"/>
  <testcase classname="RegisterBank.RegisterPageBank" name="hardAssertion" time="0.493"/>
  <testcase classname="registerFrom.RegisterPage" name="listOfElements" time="1.573"/>
  <testcase classname="registerFrom.RegisterPage" name="selectFromDropDown" time="0.236"/>
  <testcase classname="Wait.LoginPageWait" name="clickLoginButton" time="0.964"/>
  <testcase classname="Wait.LoginPageWait" name="enterValidMailandPassword" time="2.665"/>
</testsuite> <!-- Test scenario -->
